[~/projects/vagrant-puppet] # uptime;yes|vagrant destroy --force;vagrant up;uptime;vagrant ssh
 15:22:55 up 34 days,  5:15,  6 users,  load average: 0,82, 0,67, 0,57
==> default: Forcing shutdown of VM...
==> default: Destroying VM and associated drives...
Bringing machine 'default' up with 'virtualbox' provider...
==> default: Importing base box 'centos/7'...
==> default: Matching MAC address for NAT networking...
==> default: Checking if box 'centos/7' is up to date...
==> default: Setting the name of the VM: vagrant-puppet_default_1611930191547_72296
==> default: Clearing any previously set network interfaces...
==> default: Preparing network interfaces based on configuration...
    default: Adapter 1: nat
    default: Adapter 2: hostonly
==> default: Forwarding ports...
    default: 5432 (guest) => 9500 (host) (adapter 1)
    default: 22 (guest) => 2222 (host) (adapter 1)
==> default: Running 'pre-boot' VM customizations...
==> default: Booting VM...
==> default: Waiting for machine to boot. This may take a few minutes...
    default: SSH address: 127.0.0.1:2222
    default: SSH username: vagrant
    default: SSH auth method: private key
    default: 
    default: Vagrant insecure key detected. Vagrant will automatically replace
    default: this with a newly generated keypair for better security.
    default: 
    default: Inserting generated public key within guest...
    default: Removing insecure key from the guest if it's present...
    default: Key inserted! Disconnecting and reconnecting using new SSH key...
==> default: Machine booted and ready!
==> default: Checking for guest additions in VM...
    default: No guest additions were detected on the base box for this VM! Guest
    default: additions are required for forwarded ports, shared folders, host only
    default: networking, and more. If SSH fails on this machine, please install
    default: the guest additions and repackage the box to continue.
    default: 
    default: This is not an error message; everything may continue to work properly,
    default: in which case you may ignore this message.
==> default: Setting hostname...
==> default: Configuring and enabling network interfaces...
    default: SSH address: 127.0.0.1:2222
    default: SSH username: vagrant
    default: SSH auth method: private key
==> default: Rsyncing folder: /home/dpitts/projects/vagrant-puppet/ => /vagrant
==> default: Running provisioner: shell...
    default: Running: /tmp/vagrant-shell20210129-16121-vd3cp4.sh
    default: ADD EXTRA ALIAS VIA .bashrc
    default: Loaded plugins: fastestmirror
    default: Determining fastest mirrors
    default:  * base: nl.mirrors.clouvider.net
    default:  * extras: mirror.usenet.farm
    default:  * updates: mirror.usenet.farm
    default: Resolving Dependencies
    default: --> Running transaction check
    default: ---> Package curl.x86_64 0:7.29.0-57.el7 will be updated
    default: ---> Package curl.x86_64 0:7.29.0-59.el7_9.1 will be an update
    default: --> Processing Dependency: libcurl = 7.29.0-59.el7_9.1 for package: curl-7.29.0-59.el7_9.1.x86_64
    default: ---> Package git.x86_64 0:1.8.3.1-23.el7_8 will be installed
    default: --> Processing Dependency: perl-Git = 1.8.3.1-23.el7_8 for package: git-1.8.3.1-23.el7_8.x86_64
    default: --> Processing Dependency: perl >= 5.008 for package: git-1.8.3.1-23.el7_8.x86_64
    default: --> Processing Dependency: perl(warnings) for package: git-1.8.3.1-23.el7_8.x86_64
    default: --> Processing Dependency: perl(vars) for package: git-1.8.3.1-23.el7_8.x86_64
    default: --> Processing Dependency: perl(strict) for package: git-1.8.3.1-23.el7_8.x86_64
    default: --> Processing Dependency: perl(lib) for package: git-1.8.3.1-23.el7_8.x86_64
    default: --> Processing Dependency: perl(Term::ReadKey) for package: git-1.8.3.1-23.el7_8.x86_64
    default: --> Processing Dependency: perl(Git) for package: git-1.8.3.1-23.el7_8.x86_64
    default: --> Processing Dependency: perl(Getopt::Long) for package: git-1.8.3.1-23.el7_8.x86_64
    default: --> Processing Dependency: perl(File::stat) for package: git-1.8.3.1-23.el7_8.x86_64
    default: --> Processing Dependency: perl(File::Temp) for package: git-1.8.3.1-23.el7_8.x86_64
    default: --> Processing Dependency: perl(File::Spec) for package: git-1.8.3.1-23.el7_8.x86_64
    default: --> Processing Dependency: perl(File::Path) for package: git-1.8.3.1-23.el7_8.x86_64
    default: --> Processing Dependency: perl(File::Find) for package: git-1.8.3.1-23.el7_8.x86_64
    default: --> Processing Dependency: perl(File::Copy) for package: git-1.8.3.1-23.el7_8.x86_64
    default: --> Processing Dependency: perl(File::Basename) for package: git-1.8.3.1-23.el7_8.x86_64
    default: --> Processing Dependency: perl(Exporter) for package: git-1.8.3.1-23.el7_8.x86_64
    default: --> Processing Dependency: perl(Error) for package: git-1.8.3.1-23.el7_8.x86_64
    default: --> Processing Dependency: /usr/bin/perl for package: git-1.8.3.1-23.el7_8.x86_64
    default: ---> Package unzip.x86_64 0:6.0-21.el7 will be installed
    default: ---> Package wget.x86_64 0:1.14-18.el7_6.1 will be installed
    default: --> Running transaction check
    default: ---> Package libcurl.x86_64 0:7.29.0-57.el7 will be updated
    default: ---> Package libcurl.x86_64 0:7.29.0-59.el7_9.1 will be an update
    default: ---> Package perl.x86_64 4:5.16.3-297.el7 will be installed
    default: --> Processing Dependency: perl-libs = 4:5.16.3-297.el7 for package: 4:perl-5.16.3-297.el7.x86_64
    default: --> Processing Dependency: perl(Socket) >= 1.3 for package: 4:perl-5.16.3-297.el7.x86_64
    default: --> Processing Dependency: perl(Scalar::Util) >= 1.10 for package: 4:perl-5.16.3-297.el7.x86_64
    default: --> Processing Dependency: perl-macros for package: 4:perl-5.16.3-297.el7.x86_64
    default: --> Processing Dependency: perl-libs for package: 4:perl-5.16.3-297.el7.x86_64
    default: --> Processing Dependency: perl(threads::shared) for package: 4:perl-5.16.3-297.el7.x86_64
    default: --> Processing Dependency: perl(threads) for package: 4:perl-5.16.3-297.el7.x86_64
    default: --> Processing Dependency: perl(constant) for package: 4:perl-5.16.3-297.el7.x86_64
    default: --> Processing Dependency: perl(Time::Local) for package: 4:perl-5.16.3-297.el7.x86_64
    default: --> Processing Dependency: perl(Time::HiRes) for package: 4:perl-5.16.3-297.el7.x86_64
    default: --> Processing Dependency: perl(Storable) for package: 4:perl-5.16.3-297.el7.x86_64
    default: --> Processing Dependency: perl(Socket) for package: 4:perl-5.16.3-297.el7.x86_64
    default: --> Processing Dependency: perl(Scalar::Util) for package: 4:perl-5.16.3-297.el7.x86_64
    default: --> Processing Dependency: perl(Pod::Simple::XHTML) for package: 4:perl-5.16.3-297.el7.x86_64
    default: --> Processing Dependency: perl(Pod::Simple::Search) for package: 4:perl-5.16.3-297.el7.x86_64
    default: --> Processing Dependency: perl(Filter::Util::Call) for package: 4:perl-5.16.3-297.el7.x86_64
    default: --> Processing Dependency: perl(Carp) for package: 4:perl-5.16.3-297.el7.x86_64
    default: --> Processing Dependency: libperl.so()(64bit) for package: 4:perl-5.16.3-297.el7.x86_64
    default: ---> Package perl-Error.noarch 1:0.17020-2.el7 will be installed
    default: ---> Package perl-Exporter.noarch 0:5.68-3.el7 will be installed
    default: ---> Package perl-File-Path.noarch 0:2.09-2.el7 will be installed
    default: ---> Package perl-File-Temp.noarch 0:0.23.01-3.el7 will be installed
    default: ---> Package perl-Getopt-Long.noarch 0:2.40-3.el7 will be installed
    default: --> Processing Dependency: perl(Pod::Usage) >= 1.14 for package: perl-Getopt-Long-2.40-3.el7.noarch
    default: --> Processing Dependency: perl(Text::ParseWords) for package: perl-Getopt-Long-2.40-3.el7.noarch
    default: ---> Package perl-Git.noarch 0:1.8.3.1-23.el7_8 will be installed
    default: ---> Package perl-PathTools.x86_64 0:3.40-5.el7 will be installed
    default: ---> Package perl-TermReadKey.x86_64 0:2.30-20.el7 will be installed
    default: --> Running transaction check
    default: ---> Package perl-Carp.noarch 0:1.26-244.el7 will be installed
    default: ---> Package perl-Filter.x86_64 0:1.49-3.el7 will be installed
    default: ---> Package perl-Pod-Simple.noarch 1:3.28-4.el7 will be installed
    default: --> Processing Dependency: perl(Pod::Escapes) >= 1.04 for package: 1:perl-Pod-Simple-3.28-4.el7.noarch
    default: --> Processing Dependency: perl(Encode) for package: 1:perl-Pod-Simple-3.28-4.el7.noarch
    default: ---> Package perl-Pod-Usage.noarch 0:1.63-3.el7 will be installed
    default: --> Processing Dependency: perl(Pod::Text) >= 3.15 for package: perl-Pod-Usage-1.63-3.el7.noarch
    default: --> Processing Dependency: perl-Pod-Perldoc for package: perl-Pod-Usage-1.63-3.el7.noarch
    default: ---> Package perl-Scalar-List-Utils.x86_64 0:1.27-248.el7 will be installed
    default: ---> Package perl-Socket.x86_64 0:2.010-5.el7 will be installed
    default: ---> Package perl-Storable.x86_64 0:2.45-3.el7 will be installed
    default: ---> Package perl-Text-ParseWords.noarch 0:3.29-4.el7 will be installed
    default: ---> Package perl-Time-HiRes.x86_64 4:1.9725-3.el7 will be installed
    default: ---> Package perl-Time-Local.noarch 0:1.2300-2.el7 will be installed
    default: ---> Package perl-constant.noarch 0:1.27-2.el7 will be installed
    default: ---> Package perl-libs.x86_64 4:5.16.3-297.el7 will be installed
    default: ---> Package perl-macros.x86_64 4:5.16.3-297.el7 will be installed
    default: ---> Package perl-threads.x86_64 0:1.87-4.el7 will be installed
    default: ---> Package perl-threads-shared.x86_64 0:1.43-6.el7 will be installed
    default: --> Running transaction check
    default: ---> Package perl-Encode.x86_64 0:2.51-7.el7 will be installed
    default: ---> Package perl-Pod-Escapes.noarch 1:1.04-297.el7 will be installed
    default: ---> Package perl-Pod-Perldoc.noarch 0:3.20-4.el7 will be installed
    default: --> Processing Dependency: perl(parent) for package: perl-Pod-Perldoc-3.20-4.el7.noarch
    default: --> Processing Dependency: perl(HTTP::Tiny) for package: perl-Pod-Perldoc-3.20-4.el7.noarch
    default: ---> Package perl-podlators.noarch 0:2.5.1-3.el7 will be installed
    default: --> Running transaction check
    default: ---> Package perl-HTTP-Tiny.noarch 0:0.033-3.el7 will be installed
    default: ---> Package perl-parent.noarch 1:0.225-244.el7 will be installed
    default: --> Finished Dependency Resolution
    default: 
    default: Dependencies Resolved
    default: 
    default: ================================================================================
    default:  Package                    Arch       Version                Repository   Size
    default: ================================================================================
    default: Installing:
    default:  git                        x86_64     1.8.3.1-23.el7_8       base        4.4 M
    default:  unzip                      x86_64     6.0-21.el7             base        171 k
    default:  wget                       x86_64     1.14-18.el7_6.1        base        547 k
    default: Updating:
    default:  curl                       x86_64     7.29.0-59.el7_9.1      updates     271 k
    default: Installing for dependencies:
    default:  perl                       x86_64     4:5.16.3-297.el7       base        8.0 M
    default:  perl-Carp                  noarch     1.26-244.el7           base         19 k
    default:  perl-Encode                x86_64     2.51-7.el7             base        1.5 M
    default:  perl-Error                 noarch     1:0.17020-2.el7        base         32 k
    default:  perl-Exporter              noarch     5.68-3.el7             base         28 k
    default:  perl-File-Path             noarch     2.09-2.el7             base         26 k
    default:  perl-File-Temp             noarch     0.23.01-3.el7          base         56 k
    default:  perl-Filter                x86_64     1.49-3.el7             base         76 k
    default:  perl-Getopt-Long           noarch     2.40-3.el7             base         56 k
    default:  perl-Git                   noarch     1.8.3.1-23.el7_8       base         56 k
    default:  perl-HTTP-Tiny             noarch     0.033-3.el7            base         38 k
    default:  perl-PathTools             x86_64     3.40-5.el7             base         82 k
    default:  perl-Pod-Escapes           noarch     1:1.04-297.el7         base         52 k
    default:  perl-Pod-Perldoc           noarch     3.20-4.el7             base         87 k
    default:  perl-Pod-Simple            noarch     1:3.28-4.el7           base        216 k
    default:  perl-Pod-Usage             noarch     1.63-3.el7             base         27 k
    default:  perl-Scalar-List-Utils     x86_64     1.27-248.el7           base         36 k
    default:  perl-Socket                x86_64     2.010-5.el7            base         49 k
    default:  perl-Storable              x86_64     2.45-3.el7             base         77 k
    default:  perl-TermReadKey           x86_64     2.30-20.el7            base         31 k
    default:  perl-Text-ParseWords       noarch     3.29-4.el7             base         14 k
    default:  perl-Time-HiRes            x86_64     4:1.9725-3.el7         base         45 k
    default:  perl-Time-Local            noarch     1.2300-2.el7           base         24 k
    default:  perl-constant              noarch     1.27-2.el7             base         19 k
    default:  perl-libs                  x86_64     4:5.16.3-297.el7       base        689 k
    default:  perl-macros                x86_64     4:5.16.3-297.el7       base         44 k
    default:  perl-parent                noarch     1:0.225-244.el7        base         12 k
    default:  perl-podlators             noarch     2.5.1-3.el7            base        112 k
    default:  perl-threads               x86_64     1.87-4.el7             base         49 k
    default:  perl-threads-shared        x86_64     1.43-6.el7             base         39 k
    default: Updating for dependencies:
    default:  libcurl                    x86_64     7.29.0-59.el7_9.1      updates     223 k
    default: 
    default: Transaction Summary
    default: ================================================================================
    default: Install  3 Packages (+30 Dependent packages)
    default: Upgrade  1 Package  (+ 1 Dependent package)
    default: 
    default: Total download size: 17 M
    default: Downloading packages:
    default: No Presto metadata available for updates
    default: Public key for curl-7.29.0-59.el7_9.1.x86_64.rpm is not installed
    default: warning: /var/cache/yum/x86_64/7/updates/packages/curl-7.29.0-59.el7_9.1.x86_64.rpm: Header V3 RSA/SHA256 Signature, key ID f4a80eb5: NOKEY
    default: Public key for git-1.8.3.1-23.el7_8.x86_64.rpm is not installed
    default: --------------------------------------------------------------------------------
    default: Total                                              6.0 MB/s |  17 MB  00:02     
    default: Retrieving key from file:///etc/pki/rpm-gpg/RPM-GPG-KEY-CentOS-7
    default: Importing GPG key 0xF4A80EB5:
    default:  Userid     : "CentOS-7 Key (CentOS 7 Official Signing Key) <security@centos.org>"
    default:  Fingerprint: 6341 ab27 53d7 8a78 a7c2 7bb1 24c6 a8a7 f4a8 0eb5
    default:  Package    : centos-release-7-8.2003.0.el7.centos.x86_64 (@anaconda)
    default:  From       : /etc/pki/rpm-gpg/RPM-GPG-KEY-CentOS-7
    default: Running transaction check
    default: Running transaction test
    default: Transaction test succeeded
    default: Running transaction
    default:   Updating   : libcurl-7.29.0-59.el7_9.1.x86_64                            1/37
    default:  
    default:   Installing : 1:perl-parent-0.225-244.el7.noarch                          2/37
    default:  
    default:   Installing : perl-HTTP-Tiny-0.033-3.el7.noarch                           3/37
    default:  
    default:   Installing : perl-podlators-2.5.1-3.el7.noarch                           4/37
    default:  
    default:   Installing : perl-Pod-Perldoc-3.20-4.el7.noarch                          5/37
    default:  
    default:   Installing : 1:perl-Pod-Escapes-1.04-297.el7.noarch                      6/37
    default:  
    default:   Installing : perl-Encode-2.51-7.el7.x86_64                               7/37
    default:  
    default:   Installing : perl-Text-ParseWords-3.29-4.el7.noarch                      8/37
    default:  
    default:   Installing : perl-Pod-Usage-1.63-3.el7.noarch                            9/37
    default:  
    default:   Installing : 4:perl-libs-5.16.3-297.el7.x86_64                          10/37
    default:  
    default:   Installing : 4:perl-Time-HiRes-1.9725-3.el7.x86_64                      11/37
    default:  
    default:   Installing : perl-Exporter-5.68-3.el7.noarch                            12/37
    default:  
    default:   Installing : perl-constant-1.27-2.el7.noarch                            13/37
    default:  
    default:   Installing : perl-Carp-1.26-244.el7.noarch                              14/37
    default:  
    default:   Installing : perl-Socket-2.010-5.el7.x86_64                             15/37
    default:  
    default:   Installing : perl-Time-Local-1.2300-2.el7.noarch                        16/37
    default:  
    default:   Installing : perl-Storable-2.45-3.el7.x86_64                            17/37
    default:  
    default:   Installing : 1:perl-Pod-Simple-3.28-4.el7.noarch                        18/37
    default:  
    default:   Installing : perl-PathTools-3.40-5.el7.x86_64                           19/37
    default:  
    default:   Installing : perl-Scalar-List-Utils-1.27-248.el7.x86_64                 20/37
    default:  
    default:   Installing : perl-File-Temp-0.23.01-3.el7.noarch                        21/37
    default:  
    default:   Installing : perl-File-Path-2.09-2.el7.noarch                           22/37
    default:  
    default:   Installing : perl-threads-shared-1.43-6.el7.x86_64                      23/37
    default:  
    default:   Installing : perl-threads-1.87-4.el7.x86_64                             24/37
    default:  
    default:   Installing : perl-Filter-1.49-3.el7.x86_64                              25/37
    default:  
    default:   Installing : 4:perl-macros-5.16.3-297.el7.x86_64                        26/37
    default:  
    default:   Installing : perl-Getopt-Long-2.40-3.el7.noarch                         27/37
    default:  
    default:   Installing : 4:perl-5.16.3-297.el7.x86_64                               28/37
    default:  
    default:   Installing : 1:perl-Error-0.17020-2.el7.noarch                          29/37
    default:  
    default:   Installing : perl-TermReadKey-2.30-20.el7.x86_64                        30/37
    default:  
    default:   Installing : perl-Git-1.8.3.1-23.el7_8.noarch                           31/37
    default:  
    default:   Installing : git-1.8.3.1-23.el7_8.x86_64                                32/37
    default:  
    default:   Updating   : curl-7.29.0-59.el7_9.1.x86_64                              33/37
    default:  
    default:   Installing : wget-1.14-18.el7_6.1.x86_64                                34/37
    default:  
    default:   Installing : unzip-6.0-21.el7.x86_64                                    35/37
    default:  
    default:   Cleanup    : curl-7.29.0-57.el7.x86_64                                  36/37
    default:  
    default:   Cleanup    : libcurl-7.29.0-57.el7.x86_64                               37/37
    default:  
    default:   Verifying  : perl-HTTP-Tiny-0.033-3.el7.noarch                           1/37
    default:  
    default:   Verifying  : perl-threads-shared-1.43-6.el7.x86_64                       2/37
    default:  
    default:   Verifying  : 4:perl-Time-HiRes-1.9725-3.el7.x86_64                       3/37
    default:  
    default:   Verifying  : 4:perl-libs-5.16.3-297.el7.x86_64                           4/37
    default:  
    default:   Verifying  : perl-Exporter-5.68-3.el7.noarch                             5/37
    default:  
    default:   Verifying  : perl-constant-1.27-2.el7.noarch                             6/37
    default:  
    default:   Verifying  : perl-PathTools-3.40-5.el7.x86_64                            7/37
    default:  
    default:   Verifying  : perl-Carp-1.26-244.el7.noarch                               8/37
    default:  
    default:   Verifying  : perl-Socket-2.010-5.el7.x86_64                              9/37
    default:  
    default:   Verifying  : git-1.8.3.1-23.el7_8.x86_64                                10/37
    default:  
    default:   Verifying  : 1:perl-parent-0.225-244.el7.noarch                         11/37
    default:  
    default:   Verifying  : perl-TermReadKey-2.30-20.el7.x86_64                        12/37
    default:  
    default:   Verifying  : 1:perl-Pod-Escapes-1.04-297.el7.noarch                     13/37
    default:  
    default:   Verifying  : perl-File-Temp-0.23.01-3.el7.noarch                        14/37
    default:  
    default:   Verifying  : 1:perl-Pod-Simple-3.28-4.el7.noarch                        15/37
    default:  
    default:   Verifying  : perl-Time-Local-1.2300-2.el7.noarch                        16/37
    default:  
    default:   Verifying  : perl-Git-1.8.3.1-23.el7_8.noarch                           17/37
    default:  
    default:   Verifying  : perl-Encode-2.51-7.el7.x86_64                              18/37
    default:  
    default:   Verifying  : unzip-6.0-21.el7.x86_64                                    19/37
    default:  
    default:   Verifying  : 1:perl-Error-0.17020-2.el7.noarch                          20/37
    default:  
    default:   Verifying  : perl-Storable-2.45-3.el7.x86_64                            21/37
    default:  
    default:   Verifying  : perl-Scalar-List-Utils-1.27-248.el7.x86_64                 22/37
    default:  
    default:   Verifying  : libcurl-7.29.0-59.el7_9.1.x86_64                           23/37
    default:  
    default:   Verifying  : perl-Pod-Usage-1.63-3.el7.noarch                           24/37
    default:  
    default:   Verifying  : curl-7.29.0-59.el7_9.1.x86_64                              25/37
    default:  
    default:   Verifying  : perl-Pod-Perldoc-3.20-4.el7.noarch                         26/37
    default:  
    default:   Verifying  : perl-podlators-2.5.1-3.el7.noarch                          27/37
    default:  
    default:   Verifying  : perl-File-Path-2.09-2.el7.noarch                           28/37
    default:  
    default:   Verifying  : perl-threads-1.87-4.el7.x86_64                             29/37
    default:  
    default:   Verifying  : perl-Filter-1.49-3.el7.x86_64                              30/37
    default:  
    default:   Verifying  : perl-Getopt-Long-2.40-3.el7.noarch                         31/37
    default:  
    default:   Verifying  : perl-Text-ParseWords-3.29-4.el7.noarch                     32/37
    default:  
    default:   Verifying  : wget-1.14-18.el7_6.1.x86_64                                33/37
    default:  
    default:   Verifying  : 4:perl-5.16.3-297.el7.x86_64                               34/37
    default:  
    default:   Verifying  : 4:perl-macros-5.16.3-297.el7.x86_64                        35/37
    default:  
    default:   Verifying  : libcurl-7.29.0-57.el7.x86_64                               36/37 
    default:   Verifying  : curl-7.29.0-57.el7.x86_64                                  37/37
    default:  
    default: 
    default: Installed:
    default:   git.x86_64 0:1.8.3.1-23.el7_8            unzip.x86_64 0:6.0-21.el7           
    default:   wget.x86_64 0:1.14-18.el7_6.1           
    default: 
    default: Dependency Installed:
    default:   perl.x86_64 4:5.16.3-297.el7                                                  
    default:   perl-Carp.noarch 0:1.26-244.el7                                               
    default:   perl-Encode.x86_64 0:2.51-7.el7                                               
    default:   perl-Error.noarch 1:0.17020-2.el7                                             
    default:   perl-Exporter.noarch 0:5.68-3.el7                                             
    default:   perl-File-Path.noarch 0:2.09-2.el7                                            
    default:   perl-File-Temp.noarch 0:0.23.01-3.el7                                         
    default:   perl-Filter.x86_64 0:1.49-3.el7                                               
    default:   perl-Getopt-Long.noarch 0:2.40-3.el7                                          
    default:   perl-Git.noarch 0:1.8.3.1-23.el7_8                                            
    default:   perl-HTTP-Tiny.noarch 0:0.033-3.el7                                           
    default:   perl-PathTools.x86_64 0:3.40-5.el7                                            
    default:   perl-Pod-Escapes.noarch 1:1.04-297.el7                                        
    default:   perl-Pod-Perldoc.noarch 0:3.20-4.el7                                          
    default:   perl-Pod-Simple.noarch 1:3.28-4.el7                                           
    default:   perl-Pod-Usage.noarch 0:1.63-3.el7                                            
    default:   perl-Scalar-List-Utils.x86_64 0:1.27-248.el7                                  
    default:   perl-Socket.x86_64 0:2.010-5.el7                                              
    default:   perl-Storable.x86_64 0:2.45-3.el7                                             
    default:   perl-TermReadKey.x86_64 0:2.30-20.el7                                         
    default:   perl-Text-ParseWords.noarch 0:3.29-4.el7                                      
    default:   perl-Time-HiRes.x86_64 4:1.9725-3.el7                                         
    default:   perl-Time-Local.noarch 0:1.2300-2.el7                                         
    default:   perl-constant.noarch 0:1.27-2.el7                                             
    default:   perl-libs.x86_64 4:5.16.3-297.el7                                             
    default:   perl-macros.x86_64 4:5.16.3-297.el7                                           
    default:   perl-parent.noarch 1:0.225-244.el7                                            
    default:   perl-podlators.noarch 0:2.5.1-3.el7                                           
    default:   perl-threads.x86_64 0:1.87-4.el7                                              
    default:   perl-threads-shared.x86_64 0:1.43-6.el7                                       
    default: 
    default: Updated:
    default:   curl.x86_64 0:7.29.0-59.el7_9.1                                               
    default: 
    default: Dependency Updated:
    default:   libcurl.x86_64 0:7.29.0-59.el7_9.1                                            
    default: 
    default: Complete!
    default: warning: /var/tmp/rpm-tmp.erdr3w: Header V4 RSA/SHA256 Signature, key ID ef8d349f: NOKEY
    default: Retrieving https://yum.puppet.com/puppet6-release-el-7.noarch.rpm
    default: Preparing...                          ########################################
    default: Updating / installing...
    default: puppet6-release-6.0.0-10.el7          ########################################
    default: Loaded plugins: fastestmirror
    default: Loading mirror speeds from cached hostfile
    default:  * base: nl.mirrors.clouvider.net
    default:  * extras: mirror.usenet.farm
    default:  * updates: mirror.usenet.farm
    default: Resolving Dependencies
    default: --> Running transaction check
    default: ---> Package puppetserver.noarch 0:6.15.0-1.el7 will be installed
    default: --> Processing Dependency: puppet-agent >= 5.5.0 for package: puppetserver-6.15.0-1.el7.noarch
    default: --> Processing Dependency: net-tools for package: puppetserver-6.15.0-1.el7.noarch
    default: --> Processing Dependency: java-1.8.0-openjdk-headless for package: puppetserver-6.15.0-1.el7.noarch
    default: --> Running transaction check
    default: ---> Package java-1.8.0-openjdk-headless.x86_64 1:1.8.0.282.b08-1.el7_9 will be installed
    default: --> Processing Dependency: tzdata-java >= 2020b for package: 1:java-1.8.0-openjdk-headless-1.8.0.282.b08-1.el7_9.x86_64
    default: --> Processing Dependency: copy-jdk-configs >= 3.3 for package: 1:java-1.8.0-openjdk-headless-1.8.0.282.b08-1.el7_9.x86_64
    default: --> Processing Dependency: pcsc-lite-libs(x86-64) for package: 1:java-1.8.0-openjdk-headless-1.8.0.282.b08-1.el7_9.x86_64
    default: --> Processing Dependency: lksctp-tools(x86-64) for package: 1:java-1.8.0-openjdk-headless-1.8.0.282.b08-1.el7_9.x86_64
    default: --> Processing Dependency: libjpeg.so.62(LIBJPEG_6.2)(64bit) for package: 1:java-1.8.0-openjdk-headless-1.8.0.282.b08-1.el7_9.x86_64
    default: --> Processing Dependency: jpackage-utils for package: 1:java-1.8.0-openjdk-headless-1.8.0.282.b08-1.el7_9.x86_64
    default: --> Processing Dependency: libjpeg.so.62()(64bit) for package: 1:java-1.8.0-openjdk-headless-1.8.0.282.b08-1.el7_9.x86_64
    default: ---> Package net-tools.x86_64 0:2.0-0.25.20131004git.el7 will be installed
    default: ---> Package puppet-agent.x86_64 0:6.20.0-1.el7 will be installed
    default: --> Running transaction check
    default: ---> Package copy-jdk-configs.noarch 0:3.3-10.el7_5 will be installed
    default: ---> Package javapackages-tools.noarch 0:3.4.1-11.el7 will be installed
    default: --> Processing Dependency: python-javapackages = 3.4.1-11.el7 for package: javapackages-tools-3.4.1-11.el7.noarch
    default: ---> Package libjpeg-turbo.x86_64 0:1.2.90-8.el7 will be installed
    default: ---> Package lksctp-tools.x86_64 0:1.0.17-2.el7 will be installed
    default: ---> Package pcsc-lite-libs.x86_64 0:1.8.8-8.el7 will be installed
    default: ---> Package tzdata-java.noarch 0:2021a-1.el7 will be installed
    default: --> Running transaction check
    default: ---> Package python-javapackages.noarch 0:3.4.1-11.el7 will be installed
    default: --> Processing Dependency: python-lxml for package: python-javapackages-3.4.1-11.el7.noarch
    default: --> Running transaction check
    default: ---> Package python-lxml.x86_64 0:3.2.1-4.el7 will be installed
    default: --> Finished Dependency Resolution
    default: 
    default: Dependencies Resolved
    default: 
    default: ================================================================================
    default:  Package                      Arch    Version                    Repository
    default:                                                                            Size
    default: ================================================================================
    default: Installing:
    default:  puppetserver                 noarch  6.15.0-1.el7               puppet6   62 M
    default: Installing for dependencies:
    default:  copy-jdk-configs             noarch  3.3-10.el7_5               base      21 k
    default:  java-1.8.0-openjdk-headless  x86_64  1:1.8.0.282.b08-1.el7_9    updates   33 M
    default:  javapackages-tools           noarch  3.4.1-11.el7               base      73 k
    default:  libjpeg-turbo                x86_64  1.2.90-8.el7               base     135 k
    default:  lksctp-tools                 x86_64  1.0.17-2.el7               base      88 k
    default:  net-tools                    x86_64  2.0-0.25.20131004git.el7   base     306 k
    default:  pcsc-lite-libs               x86_64  1.8.8-8.el7                base      34 k
    default:  puppet-agent                 x86_64  6.20.0-1.el7               puppet6   26 M
    default:  python-javapackages          noarch  3.4.1-11.el7               base      31 k
    default:  python-lxml                  x86_64  3.2.1-4.el7                base     758 k
    default:  tzdata-java                  noarch  2021a-1.el7                updates  191 k
    default: 
    default: Transaction Summary
    default: ================================================================================
    default: Install  1 Package (+11 Dependent packages)
    default: 
    default: Total download size: 123 M
    default: Installed size: 203 M
    default: Downloading packages:
    default: Public key for puppet-agent-6.20.0-1.el7.x86_64.rpm is not installed
    default: warning: /var/cache/yum/x86_64/7/puppet6/packages/puppet-agent-6.20.0-1.el7.x86_64.rpm: Header V4 RSA/SHA256 Signature, key ID 9e61ef26: NOKEY
    default: --------------------------------------------------------------------------------
    default: Total                                               20 MB/s | 123 MB  00:06     
    default: Retrieving key from file:///etc/pki/rpm-gpg/RPM-GPG-KEY-puppet6-release
    default: Importing GPG key 0xEF8D349F:
    default:  Userid     : "Puppet, Inc. Release Key (Puppet, Inc. Release Key) <release@puppet.com>"
    default:  Fingerprint: 6f6b 1550 9cf8 e59e 6e46 9f32 7f43 8280 ef8d 349f
    default:  Package    : puppet6-release-6.0.0-10.el7.noarch (installed)
    default:  From       : /etc/pki/rpm-gpg/RPM-GPG-KEY-puppet6-release
    default: Retrieving key from file:///etc/pki/rpm-gpg/RPM-GPG-KEY-2025-04-06-puppet6-release
    default: Importing GPG key 0x9E61EF26:
    default:  Userid     : "Puppet, Inc. Release Key (Puppet, Inc. Release Key) <release@puppet.com>"
    default:  Fingerprint: d681 1ed3 adee b844 1af5 aa8f 4528 b6cd 9e61 ef26
    default:  Package    : puppet6-release-6.0.0-10.el7.noarch (installed)
    default:  From       : /etc/pki/rpm-gpg/RPM-GPG-KEY-2025-04-06-puppet6-release
    default: Running transaction check
    default: Running transaction test
    default: Transaction test succeeded
    default: Running transaction
    default: Warning: RPMDB altered outside of yum.
    default:   Installing : pcsc-lite-libs-1.8.8-8.el7.x86_64                           1/12
    default:  
    default:   Installing : lksctp-tools-1.0.17-2.el7.x86_64                            2/12
    default:  
    default:   Installing : puppet-agent-6.20.0-1.el7.x86_64                            3/12
    default:  
    default:   Installing : net-tools-2.0-0.25.20131004git.el7.x86_64                   4/12
    default:  
    default:   Installing : python-lxml-3.2.1-4.el7.x86_64                              5/12
    default:  
    default:   Installing : python-javapackages-3.4.1-11.el7.noarch                     6/12
    default:  
    default:   Installing : javapackages-tools-3.4.1-11.el7.noarch                      7/12
    default:  
    default:   Installing : tzdata-java-2021a-1.el7.noarch                              8/12
    default:  
    default:   Installing : copy-jdk-configs-3.3-10.el7_5.noarch                        9/12
    default:  
    default:   Installing : libjpeg-turbo-1.2.90-8.el7.x86_64                          10/12
    default:  
    default:   Installing : 1:java-1.8.0-openjdk-headless-1.8.0.282.b08-1.el7_9.x86_   11/12
    default:  
    default:   Installing : puppetserver-6.15.0-1.el7.noarch                           12/12
    default:  
    default: usermod: no changes
    default:   Verifying  : libjpeg-turbo-1.2.90-8.el7.x86_64                           1/12
    default:  
    default:   Verifying  : copy-jdk-configs-3.3-10.el7_5.noarch                        2/12
    default:  
    default:   Verifying  : python-javapackages-3.4.1-11.el7.noarch                     3/12
    default:  
    default:   Verifying  : tzdata-java-2021a-1.el7.noarch                              4/12
    default:  
    default:   Verifying  : python-lxml-3.2.1-4.el7.x86_64                              5/12
    default:  
    default:   Verifying  : net-tools-2.0-0.25.20131004git.el7.x86_64                   6/12
    default:  
    default:   Verifying  : puppetserver-6.15.0-1.el7.noarch                            7/12
    default:  
    default:   Verifying  : 1:java-1.8.0-openjdk-headless-1.8.0.282.b08-1.el7_9.x86_    8/12
    default:  
    default:   Verifying  : puppet-agent-6.20.0-1.el7.x86_64                            9/12
    default:  
    default:   Verifying  : javapackages-tools-3.4.1-11.el7.noarch                     10/12
    default:  
    default:   Verifying  : lksctp-tools-1.0.17-2.el7.x86_64                           11/12
    default:  
    default:   Verifying  : pcsc-lite-libs-1.8.8-8.el7.x86_64                          12/12
    default:  
    default: 
    default: Installed:
    default:   puppetserver.noarch 0:6.15.0-1.el7                                            
    default: 
    default: Dependency Installed:
    default:   copy-jdk-configs.noarch 0:3.3-10.el7_5                                        
    default:   java-1.8.0-openjdk-headless.x86_64 1:1.8.0.282.b08-1.el7_9                    
    default:   javapackages-tools.noarch 0:3.4.1-11.el7                                      
    default:   libjpeg-turbo.x86_64 0:1.2.90-8.el7                                           
    default:   lksctp-tools.x86_64 0:1.0.17-2.el7                                            
    default:   net-tools.x86_64 0:2.0-0.25.20131004git.el7                                   
    default:   pcsc-lite-libs.x86_64 0:1.8.8-8.el7                                           
    default:   puppet-agent.x86_64 0:6.20.0-1.el7                                            
    default:   python-javapackages.noarch 0:3.4.1-11.el7                                     
    default:   python-lxml.x86_64 0:3.2.1-4.el7                                              
    default:   tzdata-java.noarch 0:2021a-1.el7                                              
    default: 
    default: Complete!
    default: *** update sysconfig/puppetserver reduce java memory from default 2G to 0.5G (512mb)
    default: *** update puppet.conf set server = puppetmaster (to match config.vm.hostname=puppetmaster)
    default: *** update $PATH to $PATH:/opt/puppetlabs/puppet/bin:$HOME/bin
    default: Created symlink from /etc/systemd/system/multi-user.target.wants/puppetserver.service to /usr/lib/systemd/system/puppetserver.service.
    default: *** systemctl status puppetserver
    default: ● puppetserver.service - puppetserver Service
    default:    Loaded: loaded (/usr/lib/systemd/system/puppetserver.service; enabled; vendor preset: disabled)
    default:    Active: active (running) since Fri 2021-01-29 14:25:07 UTC; 152ms ago
    default:  Main PID: 3406 (java)
    default:    CGroup: /system.slice/puppetserver.service
    default:            └─3406 /usr/bin/java -Xms512m -Xmx512m -Djruby.logger.class=com.puppetlabs.jruby_utils.jruby.Slf4jLogger -XX:OnOutOfMemoryError="kill -9 %p" -XX:ErrorFile=/var/log/puppetlabs/puppetserver/puppetserver_err_pid%p.log -cp /opt/puppetlabs/server/apps/puppetserver/puppet-server-release.jar:/opt/puppetlabs/puppet/lib/ruby/vendor_ruby/facter.jar:/opt/puppetlabs/server/data/puppetserver/jars/* clojure.main -m puppetlabs.trapperkeeper.main --config /etc/puppetlabs/puppetserver/conf.d --bootstrap-config /etc/puppetlabs/puppetserver/services.d/,/opt/puppetlabs/server/apps/puppetserver/config/services.d/ --restart-file /opt/puppetlabs/server/data/puppetserver/restartcounter
    default: 
    default: Jan 29 14:24:30 puppetmaster systemd[1]: Starting puppetserver Service...
    default: Jan 29 14:25:07 puppetmaster systemd[1]: Started puppetserver Service.
    default: *** free -m
    default:               total        used        free      shared  buff/cache   available
    default: Mem:           1837         646         408           8         782        1020
    default: Swap:          2047           0        2047
    default: *** uptime
    default:  14:25:07 up 1 min,  0 users,  load average: 1.44, 0.49, 0.18
    default: *** gem install r10k (R10k provides a general purpose toolset for deploying Puppet environments and modules.)
    default: Successfully installed colored2-3.1.2
    default: Successfully installed cri-2.15.11
    default: Successfully installed log4r-1.1.10
    default: Successfully installed multipart-post-2.1.1
    default: Successfully installed faraday-0.17.3
    default: Successfully installed faraday_middleware-0.14.0
    default: The `minitar` executable is no longer bundled with `minitar`. If you are
    default: expecting this executable, make sure you also install `minitar-cli`.
    default: Successfully installed minitar-0.9
    default: Successfully installed gettext-setup-0.34
    default: Successfully installed puppet_forge-2.3.4
    default: Successfully installed r10k-3.7.0
    default: Parsing documentation for colored2-3.1.2
    default: Installing ri documentation for colored2-3.1.2
    default: Parsing documentation for cri-2.15.11
    default: Installing ri documentation for cri-2.15.11
    default: Parsing documentation for log4r-1.1.10
    default: Installing ri documentation for log4r-1.1.10
    default: Parsing documentation for multipart-post-2.1.1
    default: Installing ri documentation for multipart-post-2.1.1
    default: Parsing documentation for faraday-0.17.3
    default: Installing ri documentation for faraday-0.17.3
    default: Parsing documentation for faraday_middleware-0.14.0
    default: Installing ri documentation for faraday_middleware-0.14.0
    default: Parsing documentation for minitar-0.9
    default: Installing ri documentation for minitar-0.9
    default: Parsing documentation for gettext-setup-0.34
    default: Installing ri documentation for gettext-setup-0.34
    default: Parsing documentation for puppet_forge-2.3.4
    default: Installing ri documentation for puppet_forge-2.3.4
    default: Parsing documentation for r10k-3.7.0
    default: Installing ri documentation for r10k-3.7.0
    default: Done installing documentation for colored2, cri, log4r, multipart-post, faraday, faraday_middleware, minitar, gettext-setup, puppet_forge, r10k after 6 seconds
    default: 10 gems installed
    default: *** simple test via: puppet agent -t
    default: Info: Using configured environment 'production'
    default: Info: Retrieving pluginfacts
    default: Info: Retrieving plugin
    default: Info: Retrieving locales
    default: Info: Caching catalog for puppetmaster
    default: Info: Applying configuration version '1611930321'
    default: Info: Creating state file /opt/puppetlabs/puppet/cache/state/state.yaml
    default: Notice: Applied catalog in 0.05 seconds
    default: *** r10k setup and linking to remote repo https://github.com/dgapitts/puppet-control-repo.git
    default: ---
    default: :cachedir: '/var/cache/r10k'
    default: 
    default: :sources: 
    default:         :my-org:
    default:                 remote: 'https://github.com/dgapitts/puppet-control-repo.git'
    default:                 basedir: '/etc/puppetlabs/code/environments'
    default: *** exec r10k deploy environment -p
    default: *** show code deployed i.e. initial README.md file
    default: # puppet-control-repo
    default: *** show /etc/puppetlabs/code/environments/production/.git/config 
    default: [core]
    default: 	repositoryformatversion = 0
    default: 	filemode = true
    default: 	bare = false
    default: 	logallrefupdates = true
    default: [remote "origin"]
    default: 	url = https://github.com/dgapitts/puppet-control-repo.git
    default: 	fetch = +refs/heads/*:refs/remotes/origin/*
    default: [branch "production"]
    default: 	remote = origin
    default: 	merge = refs/heads/production
    default: [remote "cache"]
    default: 	url = /var/cache/r10k/https---github.com-dgapitts-puppet-control-repo.git
    default: 	fetch = +refs/heads/*:refs/remotes/cache/*
 15:25:24 up 34 days,  5:18,  6 users,  load average: 2,30, 1,15, 0,76

